<?xml version="1.0" encoding="UTF-8"?>
<!-- Generated by org.testng.reporters.JUnitXMLReporter -->
<testsuite ignored="4" hostname="Megaya" failures="0" tests="4" name="Grouping" time="0.043" errors="0" timestamp="2024-02-14T14:06:11 IST">
  <testcase classname="advanced.Grouping_testcases" name="Samsung1" time="0.005"/>
  <testcase classname="advanced.Grouping_testcases" name="Samsung2" time="0.001"/>
  <testcase classname="advanced.Grouping_testcases" name="Vivo1" time="0.001"/>
  <testcase classname="advanced.Grouping_testcases" name="vivo" time="0.001"/>
  <testcase classname="advanced.Grouping_testcases" name="apple1" time="0.0">
    <ignored/>
  </testcase> <!-- apple1 -->
  <testcase classname="advanced.Grouping_testcases" name="Oppo1" time="0.0">
    <ignored/>
  </testcase> <!-- Oppo1 -->
  <testcase classname="advanced.Grouping_testcases" name="apple2" time="0.0">
    <ignored/>
  </testcase> <!-- apple2 -->
  <testcase classname="advanced.Grouping_testcases" name="Oppo2" time="0.0">
    <ignored/>
  </testcase> <!-- Oppo2 -->
</testsuite> <!-- Grouping -->
