<?xml version="1.0" encoding="UTF-8"?>
<testng-results ignored="0" total="6" passed="6" failed="0" skipped="0">
  <reporter-output>
  </reporter-output>
  <suite started-at="2021-04-22T19:51:01 IST" name="Suite" finished-at="2021-04-22T19:51:01 IST" duration-ms="51">
    <groups>
    </groups>
    <test started-at="2021-04-22T19:51:01 IST" name="Test" finished-at="2021-04-22T19:51:01 IST" duration-ms="51">
      <class name="Basics.priorityDependsOn">
        <test-method signature="ignitionon()[pri:0, instance:Basics.priorityDependsOn@d706f19]" started-at="2021-04-22T19:51:01 IST" name="ignitionon" finished-at="2021-04-22T19:51:01 IST" duration-ms="4" status="PASS">
          <reporter-output>
          </reporter-output>
        </test-method> <!-- ignitionon -->
        <test-method signature="secondgear()[pri:2, instance:Basics.priorityDependsOn@d706f19]" started-at="2021-04-22T19:51:01 IST" name="secondgear" finished-at="2021-04-22T19:51:01 IST" duration-ms="1" status="PASS">
          <reporter-output>
          </reporter-output>
        </test-method> <!-- secondgear -->
        <test-method signature="thirdgear()[pri:3, instance:Basics.priorityDependsOn@d706f19]" started-at="2021-04-22T19:51:01 IST" name="thirdgear" finished-at="2021-04-22T19:51:01 IST" duration-ms="2" status="PASS">
          <reporter-output>
          </reporter-output>
        </test-method> <!-- thirdgear -->
        <test-method signature="fourthgear()[pri:4, instance:Basics.priorityDependsOn@d706f19]" started-at="2021-04-22T19:51:01 IST" name="fourthgear" finished-at="2021-04-22T19:51:01 IST" duration-ms="1" status="PASS">
          <reporter-output>
          </reporter-output>
        </test-method> <!-- fourthgear -->
        <test-method signature="firstgear()[pri:1, instance:Basics.priorityDependsOn@d706f19]" started-at="2021-04-22T19:51:01 IST" name="firstgear" finished-at="2021-04-22T19:51:01 IST" depends-on-methods="Basics.priorityDependsOn.ignitionon" duration-ms="3" status="PASS">
          <reporter-output>
          </reporter-output>
        </test-method> <!-- firstgear -->
      </class> <!-- Basics.priorityDependsOn -->
      <class name="Basics.hierarchy">
        <test-method is-config="true" signature="ignitionon()[pri:0, instance:Basics.hierarchy@65d6b83b]" started-at="2021-04-22T19:51:01 IST" name="ignitionon" finished-at="2021-04-22T19:51:01 IST" duration-ms="10" status="PASS">
          <reporter-output>
          </reporter-output>
        </test-method> <!-- ignitionon -->
        <test-method is-config="true" signature="firstgear()[pri:0, instance:Basics.hierarchy@65d6b83b]" started-at="2021-04-22T19:51:01 IST" name="firstgear" finished-at="2021-04-22T19:51:01 IST" duration-ms="1" status="PASS">
          <reporter-output>
          </reporter-output>
        </test-method> <!-- firstgear -->
        <test-method is-config="true" signature="secondgear()[pri:0, instance:Basics.hierarchy@65d6b83b]" started-at="2021-04-22T19:51:01 IST" name="secondgear" finished-at="2021-04-22T19:51:01 IST" duration-ms="0" status="PASS">
          <reporter-output>
          </reporter-output>
        </test-method> <!-- secondgear -->
        <test-method is-config="true" signature="thirdgear()[pri:0, instance:Basics.hierarchy@65d6b83b]" started-at="2021-04-22T19:51:01 IST" name="thirdgear" finished-at="2021-04-22T19:51:01 IST" duration-ms="0" status="PASS">
          <reporter-output>
          </reporter-output>
        </test-method> <!-- thirdgear -->
        <test-method signature="fourthgear()[pri:0, instance:Basics.hierarchy@65d6b83b]" started-at="2021-04-22T19:51:01 IST" name="fourthgear" finished-at="2021-04-22T19:51:01 IST" duration-ms="4" status="PASS">
          <reporter-output>
          </reporter-output>
        </test-method> <!-- fourthgear -->
        <test-method is-config="true" signature="disengagethirdgear()[pri:0, instance:Basics.hierarchy@65d6b83b]" started-at="2021-04-22T19:51:01 IST" name="disengagethirdgear" finished-at="2021-04-22T19:51:01 IST" duration-ms="1" status="PASS">
          <reporter-output>
          </reporter-output>
        </test-method> <!-- disengagethirdgear -->
        <test-method is-config="true" signature="disengagesecondgear()[pri:0, instance:Basics.hierarchy@65d6b83b]" started-at="2021-04-22T19:51:01 IST" name="disengagesecondgear" finished-at="2021-04-22T19:51:01 IST" duration-ms="1" status="PASS">
          <reporter-output>
          </reporter-output>
        </test-method> <!-- disengagesecondgear -->
        <test-method is-config="true" signature="disengagefirstgear()[pri:0, instance:Basics.hierarchy@65d6b83b]" started-at="2021-04-22T19:51:01 IST" name="disengagefirstgear" finished-at="2021-04-22T19:51:01 IST" duration-ms="0" status="PASS">
          <reporter-output>
          </reporter-output>
        </test-method> <!-- disengagefirstgear -->
        <test-method is-config="true" signature="ignitionOFF()[pri:0, instance:Basics.hierarchy@65d6b83b]" started-at="2021-04-22T19:51:01 IST" name="ignitionOFF" finished-at="2021-04-22T19:51:01 IST" duration-ms="1" status="PASS">
          <reporter-output>
          </reporter-output>
        </test-method> <!-- ignitionOFF -->
      </class> <!-- Basics.hierarchy -->
    </test> <!-- Test -->
  </suite> <!-- Suite -->
</testng-results>
