<?xml version="1.0" encoding="UTF-8"?>
<!-- Generated by org.testng.reporters.JUnitXMLReporter -->
<testsuite ignored="0" hostname="LAPTOP-R15KP254" failures="0" tests="6" name="Test" time="0.051" errors="0" timestamp="2021-04-22T19:51:01 IST">
  <testcase classname="Basics.hierarchy" name="fourthgear" time="0.004"/>
  <testcase classname="Basics.priorityDependsOn" name="ignitionon" time="0.004"/>
  <testcase classname="Basics.priorityDependsOn" name="secondgear" time="0.001"/>
  <testcase classname="Basics.priorityDependsOn" name="thirdgear" time="0.002"/>
  <testcase classname="Basics.priorityDependsOn" name="fourthgear" time="0.001"/>
  <testcase classname="Basics.priorityDependsOn" name="firstgear" time="0.003"/>
</testsuite> <!-- Test -->
